<?xml version="1.0" encoding="UTF-8"?>
<testsuite name="agh.ii.prinjava.proj1.impl.DLinkListTest" tests="1" skipped="0" failures="0" errors="0" timestamp="2022-03-11T03:14:33" hostname="DESKTOP-22QSF2T" time="0.019">
  <properties/>
  <testcase name="addlast()" classname="agh.ii.prinjava.proj1.impl.DLinkListTest" time="0.019"/>
  <system-out><![CDATA[]]></system-out>
  <system-err><![CDATA[]]></system-err>
</testsuite>
